<?xml version="1.0" encoding="UTF-8"?>
<testsuite name="TradeTest" tests="1" skipped="0" failures="0" errors="0" timestamp="2021-06-15T18:42:11" hostname="CPX-3L63211N9H5" time="10.83">
  <properties/>
  <testcase name="get trades by group for any symbol" classname="TradeTest" time="10.83"/>
  <system-out><![CDATA[Trade{timestamp=1970-01-19 10:49:26.743, price=198.00, size=200, status='Z', symbol='ABC3'}
Trade{timestamp=1970-01-19 10:49:26.743, price=200.00, size=200, status='Y', symbol='ABC3'}
Cleaning up after a test!
]]></system-out>
  <system-err><![CDATA[[Test worker] INFO Application - JSON Consumed is src/main/resources/MockTradeData/trade3.json
[Test worker] INFO com.jeff.domain.PubSubHandler - Message published to 3 Subscribers registered for topic TRADE
[Thread-6] INFO com.jeff.domain.Subscriber - Calculation started for tradeSubscriber3 at 2021-06-15T19:42:12.179
[Thread-4] INFO com.jeff.domain.Subscriber - Calculation started for tradeSubscriber1 at 2021-06-15T19:42:12.179
[Thread-5] INFO com.jeff.domain.Subscriber - Calculation started for tradeSubscriber2 at 2021-06-15T19:42:12.179
[Thread-4] INFO com.jeff.domain.Subscriber - Calculation completed for tradeSubscriber1 at 2021-06-15T19:42:12.195
[Thread-6] INFO com.jeff.domain.Subscriber - Calculation completed for tradeSubscriber3 at 2021-06-15T19:42:12.195
[Thread-5] INFO com.jeff.domain.Subscriber - Calculation completed for tradeSubscriber2 at 2021-06-15T19:42:12.195
]]></system-err>
</testsuite>
